-------------------------------------------------------------------------------
Test set: Scenario: Expire Session
-------------------------------------------------------------------------------
Tests run: 22, Failures: 2, Errors: 0, Skipped: 0, Time elapsed: 9.214 sec <<< FAILURE! - in Scenario: Expire Session
And I see the json response for expire the session(Scenario: Expire Session)  Time elapsed: 0.016 sec  <<< FAILURE!
java.lang.AssertionError: expected:<1> but was:<300>

Scenario: Expire Session  Time elapsed: 0.016 sec  <<< FAILURE!
java.lang.AssertionError: expected:<1> but was:<300>

