<?xml version="1.0" encoding="UTF-8"?>
<testsuite xmlns:xsi="http://www.w3.org/2001/XMLSchema-instance" xsi:schemaLocation="https://maven.apache.org/surefire/maven-surefire-plugin/xsd/surefire-test-report.xsd" name="Scenario: Expire Session" time="9.214" tests="22" errors="0" skipped="0" failures="2">
  <properties>
[...]
</properties>
  <testcase name="Given the API are up and running" classname="Scenario: To get the client id" time="0.016"/>
  <testcase name="When a user perform the get request" classname="Scenario: To get the client id" time="0"/>
  <testcase name="Then the response code should be 200" classname="Scenario: To get the client id" time="0"/>
  <testcase name="And I see the json response includes in any order" classname="Scenario: To get the client id" time="0"/>
  <testcase name="Scenario: To get the client id" classname="Scenario: To get the client id" time="0"/>
  <testcase name="Given the Generate Session for user API" classname="Scenario: Generate session for user" time="0"/>
  <testcase name="When a user perform the post request with user" classname="Scenario: Generate session for user" time="0"/>
  <testcase name="Then the response code should be 200" classname="Scenario: Generate session for user" time="0"/>
  <testcase name="And I see the json response for Generate session for user" classname="Scenario: Generate session for user" time="0"/>
  <testcase name="Scenario: Generate session for user" classname="Scenario: Generate session for user" time="0"/>
  <testcase name="Given check the session for user" classname="Scenario: Check the session for user" time="0"/>
  <testcase name="When a user perform to get the check session for user" classname="Scenario: Check the session for user" time="0"/>
  <testcase name="Then the response code should be 200" classname="Scenario: Check the session for user" time="0.004"/>
  <testcase name="And I see the json response for check the session for user" classname="Scenario: Check the session for user" time="0"/>
  <testcase name="Scenario: Check the session for user" classname="Scenario: Check the session for user" time="0"/>
  <testcase name="When a user perform to check the cilent ID" classname="Scenario: Check the Client ID" time="0"/>
  <testcase name="Then the response code should be 200" classname="Scenario: Check the Client ID" time="0"/>
  <testcase name="And I see the json response as true" classname="Scenario: Check the Client ID" time="0"/>
  <testcase name="Scenario: Check the Client ID" classname="Scenario: Check the Client ID" time="0"/>
  <testcase name="When a user perform to post expire the session" classname="Scenario: Expire Session" time="0"/>
  <testcase name="And I see the json response for expire the session" classname="Scenario: Expire Session" time="0.016">
    <failure message="expected:&lt;1&gt; but was:&lt;300&gt;" type="java.lang.AssertionError"><![CDATA[java.lang.AssertionError: expected:<1> but was:<300>
]]></failure>
    <system-out><![CDATA[Response {id=0, apistatus={sessionId=ed6f805f-9453-11e7-b4b8-06f0525620d6, sessionExpireDate=null, fieldCollection=null, responseCode=1, responseDescription=Success}, actionCount=0}
]]></system-out>
  </testcase>
  <testcase name="Scenario: Expire Session" classname="Scenario: Expire Session" time="0.016">
    <failure message="expected:&lt;1&gt; but was:&lt;300&gt;" type="java.lang.AssertionError"><![CDATA[java.lang.AssertionError: expected:<1> but was:<300>
]]></failure>
  </testcase>
</testsuite>